2021-04-20 10:17:05,339:__main__:{'comment': '', 'debug': 'False', 'train': {'model_path': 'temp{}', 'preload_model': 'False', 'pretrain_model_path': 'trained_models/temp1.pth', 'proportion': '100', 'num_epochs': '400', 'batch_size': '100', 'hidden_size': '2048', 'input_size': '2048', 'num_traj': '1', 'canvas_shape': '64', 'lr': '0.001', 'optim': 'adam', 'epsilon': '1', 'weight_decay': '0.0', 'dropout': '0.2', 'encoder_drop': '0.2', 'lr_sch': 'True', 'patience': '8', 'mode': '1'}}
2021-04-20 10:34:58,807:__main__:Epoch 0/400 => test_loss: 1.829975, IOU: 60.634120%, CD: 2.747971, cosine: 0.732424
2021-04-20 10:34:58,808:__main__:Saving the Model weights based on CD: 2.747971
2021-04-20 10:51:53,827:__main__:Epoch 1/400 => test_loss: 1.522047, IOU: 65.007903%, CD: 2.301748, cosine: 0.772338
2021-04-20 10:51:53,829:__main__:Saving the Model weights based on CD: 2.301748
2021-04-20 11:08:15,845:__main__:Epoch 2/400 => test_loss: 1.457418, IOU: 66.545518%, CD: 2.214060, cosine: 0.786196
2021-04-20 11:08:15,846:__main__:Saving the Model weights based on CD: 2.214060
2021-04-20 11:25:09,413:__main__:Epoch 3/400 => test_loss: 1.377178, IOU: 67.695156%, CD: 2.114632, cosine: 0.795581
2021-04-20 11:25:09,416:__main__:Saving the Model weights based on CD: 2.114632
2021-04-20 11:42:05,595:__main__:Epoch 4/400 => test_loss: 1.397985, IOU: 67.239103%, CD: 2.122345, cosine: 0.791239
2021-04-20 11:59:10,005:__main__:Epoch 5/400 => test_loss: 1.310403, IOU: 68.174135%, CD: 2.051388, cosine: 0.798940
2021-04-20 11:59:10,007:__main__:Saving the Model weights based on CD: 2.051388
2021-04-20 12:16:12,112:__main__:Epoch 6/400 => test_loss: 1.262057, IOU: 69.605864%, CD: 1.929241, cosine: 0.809950
2021-04-20 12:16:12,113:__main__:Saving the Model weights based on CD: 1.929241
2021-04-20 12:33:07,994:__main__:Epoch 7/400 => test_loss: 1.291538, IOU: 69.000335%, CD: 1.992807, cosine: 0.805215
2021-04-20 12:50:05,564:__main__:Epoch 8/400 => test_loss: 1.285191, IOU: 68.946805%, CD: 1.990682, cosine: 0.804627
2021-04-20 13:06:36,881:__main__:Epoch 9/400 => test_loss: 1.320064, IOU: 68.706902%, CD: 2.011663, cosine: 0.803347
2021-04-20 13:23:06,242:__main__:Epoch 10/400 => test_loss: 1.328181, IOU: 68.738829%, CD: 2.013835, cosine: 0.803511
2021-04-20 13:40:11,855:__main__:Epoch 11/400 => test_loss: 1.302065, IOU: 68.624568%, CD: 2.004913, cosine: 0.802321
2021-04-20 13:56:59,395:__main__:Epoch 12/400 => test_loss: 1.237287, IOU: 69.989233%, CD: 1.900188, cosine: 0.812877
2021-04-20 13:56:59,396:__main__:Saving the Model weights based on CD: 1.900188
2021-04-20 14:13:32,404:__main__:Epoch 13/400 => test_loss: 1.249865, IOU: 69.776289%, CD: 1.905893, cosine: 0.811307
2021-04-20 14:30:03,455:__main__:Epoch 14/400 => test_loss: 1.262321, IOU: 69.592328%, CD: 1.914266, cosine: 0.809954
2021-04-20 14:46:28,596:__main__:Epoch 15/400 => test_loss: 1.292553, IOU: 69.151827%, CD: 1.964114, cosine: 0.806716
2021-04-20 15:02:54,989:__main__:Epoch 16/400 => test_loss: 1.281966, IOU: 69.146260%, CD: 1.960348, cosine: 0.806229
2021-04-20 15:19:22,225:__main__:Epoch 17/400 => test_loss: 1.248212, IOU: 69.552064%, CD: 1.930907, cosine: 0.809331
2021-04-20 15:36:08,651:__main__:Epoch 18/400 => test_loss: 1.263989, IOU: 69.516133%, CD: 1.925931, cosine: 0.809087
2021-04-20 15:52:49,794:__main__:Epoch 19/400 => test_loss: 1.287760, IOU: 69.286356%, CD: 1.958479, cosine: 0.807756
2021-04-20 16:09:40,543:__main__:Epoch 20/400 => test_loss: 1.244792, IOU: 69.620107%, CD: 1.914055, cosine: 0.809935
2021-04-20 16:26:14,284:__main__:LR is set to 0.0002
2021-04-20 16:26:14,285:__main__:Epoch 21/400 => test_loss: 1.362522, IOU: 67.700158%, CD: 2.080879, cosine: 0.795075
2021-04-20 16:42:58,882:__main__:Epoch 22/400 => test_loss: 1.231118, IOU: 70.317322%, CD: 1.862638, cosine: 0.815393
2021-04-20 16:42:58,883:__main__:Saving the Model weights based on CD: 1.862638
2021-04-20 16:59:35,906:__main__:Epoch 23/400 => test_loss: 1.230371, IOU: 70.459300%, CD: 1.843663, cosine: 0.816458
2021-04-20 16:59:35,907:__main__:Saving the Model weights based on CD: 1.843663
2021-04-20 17:16:26,755:__main__:Epoch 24/400 => test_loss: 1.255560, IOU: 70.259683%, CD: 1.865867, cosine: 0.815118
2021-04-20 17:33:11,326:__main__:Epoch 25/400 => test_loss: 1.238755, IOU: 70.346336%, CD: 1.854997, cosine: 0.815598
2021-04-20 17:49:23,479:__main__:Epoch 26/400 => test_loss: 1.231397, IOU: 70.455839%, CD: 1.842080, cosine: 0.816329
2021-04-20 17:49:23,480:__main__:Saving the Model weights based on CD: 1.842080
2021-04-20 18:05:57,609:__main__:Epoch 27/400 => test_loss: 1.253007, IOU: 70.236330%, CD: 1.868219, cosine: 0.815018
2021-04-20 18:22:38,894:__main__:Epoch 28/400 => test_loss: 1.221970, IOU: 70.741485%, CD: 1.817803, cosine: 0.818706
2021-04-20 18:22:38,895:__main__:Saving the Model weights based on CD: 1.817803
2021-04-20 18:39:07,791:__main__:Epoch 29/400 => test_loss: 1.259663, IOU: 70.398507%, CD: 1.856379, cosine: 0.816013
2021-04-20 18:55:37,356:__main__:Epoch 30/400 => test_loss: 1.243856, IOU: 70.593570%, CD: 1.830901, cosine: 0.817655
2021-04-20 19:11:56,314:__main__:Epoch 31/400 => test_loss: 1.227999, IOU: 70.774456%, CD: 1.817788, cosine: 0.819042
2021-04-20 19:11:56,315:__main__:Saving the Model weights based on CD: 1.817788
2021-04-20 19:28:15,768:__main__:Epoch 32/400 => test_loss: 1.241391, IOU: 70.837285%, CD: 1.818703, cosine: 0.819566
2021-04-20 19:44:33,038:__main__:Epoch 33/400 => test_loss: 1.260093, IOU: 70.324146%, CD: 1.858448, cosine: 0.815578
2021-04-20 20:00:53,146:__main__:Epoch 34/400 => test_loss: 1.259324, IOU: 70.345361%, CD: 1.856501, cosine: 0.815688
2021-04-20 20:17:05,483:__main__:Epoch 35/400 => test_loss: 1.252096, IOU: 70.538891%, CD: 1.835384, cosine: 0.817181
2021-04-20 20:33:18,214:__main__:Epoch 36/400 => test_loss: 1.254641, IOU: 70.593546%, CD: 1.833545, cosine: 0.817761
2021-04-20 20:49:50,236:__main__:Epoch 37/400 => test_loss: 1.262877, IOU: 70.288376%, CD: 1.858462, cosine: 0.815312
2021-04-20 21:06:08,069:__main__:Epoch 38/400 => test_loss: 1.250714, IOU: 70.507271%, CD: 1.835038, cosine: 0.816795
2021-04-20 21:22:34,347:__main__:Epoch 39/400 => test_loss: 1.280920, IOU: 70.327788%, CD: 1.856574, cosine: 0.815534
2021-04-20 21:39:15,320:__main__:LR is set to 4e-05
2021-04-20 21:39:15,322:__main__:Epoch 40/400 => test_loss: 1.277038, IOU: 70.293777%, CD: 1.857735, cosine: 0.815356
2021-04-20 21:55:31,360:__main__:Epoch 41/400 => test_loss: 1.269436, IOU: 70.463128%, CD: 1.844354, cosine: 0.816619
2021-04-20 22:11:43,563:__main__:Epoch 42/400 => test_loss: 1.268960, IOU: 70.521722%, CD: 1.839217, cosine: 0.817207
2021-04-20 22:27:47,635:__main__:Epoch 43/400 => test_loss: 1.267603, IOU: 70.580731%, CD: 1.833687, cosine: 0.817391
2021-04-20 22:44:13,519:__main__:Epoch 44/400 => test_loss: 1.259713, IOU: 70.762719%, CD: 1.817459, cosine: 0.819074
2021-04-20 22:44:13,520:__main__:Saving the Model weights based on CD: 1.817459
2021-04-20 23:00:44,529:__main__:Epoch 45/400 => test_loss: 1.281088, IOU: 70.532580%, CD: 1.843502, cosine: 0.817164
2021-04-20 23:17:08,442:__main__:Epoch 46/400 => test_loss: 1.274061, IOU: 70.655203%, CD: 1.829084, cosine: 0.818104
2021-04-20 23:33:12,252:__main__:Epoch 47/400 => test_loss: 1.281561, IOU: 70.495831%, CD: 1.843371, cosine: 0.816854
2021-04-20 23:49:43,938:__main__:Epoch 48/400 => test_loss: 1.261912, IOU: 70.645329%, CD: 1.825655, cosine: 0.817998
2021-04-21 00:06:09,091:__main__:Epoch 49/400 => test_loss: 1.271245, IOU: 70.594585%, CD: 1.832588, cosine: 0.817492
2021-04-21 00:22:59,545:__main__:Epoch 50/400 => test_loss: 1.268620, IOU: 70.751482%, CD: 1.821402, cosine: 0.818667
2021-04-21 00:39:53,967:__main__:Epoch 51/400 => test_loss: 1.270046, IOU: 70.680121%, CD: 1.825321, cosine: 0.818374
2021-04-21 00:56:02,877:__main__:Epoch 52/400 => test_loss: 1.264466, IOU: 70.641452%, CD: 1.820347, cosine: 0.817866
2021-04-21 01:12:15,165:__main__:LR is set to 8.000000000000001e-06
2021-04-21 01:12:15,166:__main__:Epoch 53/400 => test_loss: 1.263193, IOU: 70.696756%, CD: 1.824592, cosine: 0.818368
2021-04-21 01:28:32,087:__main__:Epoch 54/400 => test_loss: 1.280314, IOU: 70.622373%, CD: 1.831063, cosine: 0.817787
2021-04-21 01:44:55,740:__main__:Epoch 55/400 => test_loss: 1.278798, IOU: 70.571486%, CD: 1.833920, cosine: 0.817543
2021-04-21 02:01:15,388:__main__:Epoch 56/400 => test_loss: 1.280473, IOU: 70.630689%, CD: 1.826406, cosine: 0.817977
2021-04-21 02:17:38,084:__main__:Epoch 57/400 => test_loss: 1.279910, IOU: 70.670799%, CD: 1.826692, cosine: 0.818243
2021-04-21 02:34:13,462:__main__:Epoch 58/400 => test_loss: 1.279882, IOU: 70.668862%, CD: 1.824446, cosine: 0.818127
2021-04-21 02:50:28,550:__main__:Epoch 59/400 => test_loss: 1.281564, IOU: 70.620690%, CD: 1.835954, cosine: 0.817651
2021-04-21 03:06:55,400:__main__:Epoch 60/400 => test_loss: 1.279450, IOU: 70.499528%, CD: 1.837475, cosine: 0.817053
2021-04-21 03:23:28,661:__main__:Epoch 61/400 => test_loss: 1.277306, IOU: 70.663570%, CD: 1.828485, cosine: 0.818315
2021-04-21 03:39:59,334:__main__:LR is set to 1.6000000000000004e-06
2021-04-21 03:39:59,336:__main__:Epoch 62/400 => test_loss: 1.279229, IOU: 70.683365%, CD: 1.826298, cosine: 0.818286
2021-04-21 03:56:21,979:__main__:Epoch 63/400 => test_loss: 1.278673, IOU: 70.627021%, CD: 1.832804, cosine: 0.817823
2021-04-21 04:12:41,717:__main__:Epoch 64/400 => test_loss: 1.282475, IOU: 70.527550%, CD: 1.841985, cosine: 0.817114
2021-04-21 04:28:59,725:__main__:Epoch 65/400 => test_loss: 1.278655, IOU: 70.548666%, CD: 1.830582, cosine: 0.817295
2021-04-21 04:45:42,306:__main__:Epoch 66/400 => test_loss: 1.280818, IOU: 70.590594%, CD: 1.829821, cosine: 0.817694
2021-04-21 05:01:57,255:__main__:Epoch 67/400 => test_loss: 1.278818, IOU: 70.765111%, CD: 1.816299, cosine: 0.818812
2021-04-21 05:01:57,257:__main__:Saving the Model weights based on CD: 1.816299
2021-04-21 05:18:31,455:__main__:Epoch 68/400 => test_loss: 1.285282, IOU: 70.537802%, CD: 1.834680, cosine: 0.817167
2021-04-21 05:34:55,901:__main__:Epoch 69/400 => test_loss: 1.280558, IOU: 70.555505%, CD: 1.837344, cosine: 0.817368
2021-04-21 05:51:25,137:__main__:Epoch 70/400 => test_loss: 1.281166, IOU: 70.626337%, CD: 1.826267, cosine: 0.817821
2021-04-21 06:07:40,805:__main__:Epoch 71/400 => test_loss: 1.279946, IOU: 70.617524%, CD: 1.827339, cosine: 0.817719
2021-04-21 06:23:49,395:__main__:Epoch 72/400 => test_loss: 1.283575, IOU: 70.578905%, CD: 1.836910, cosine: 0.817471
2021-04-21 06:39:49,513:__main__:Epoch 73/400 => test_loss: 1.281387, IOU: 70.521868%, CD: 1.831716, cosine: 0.817054
2021-04-21 06:56:08,060:__main__:Epoch 74/400 => test_loss: 1.279285, IOU: 70.553717%, CD: 1.833550, cosine: 0.817360
2021-04-21 07:12:31,170:__main__:Epoch 75/400 => test_loss: 1.282319, IOU: 70.550787%, CD: 1.833860, cosine: 0.817419
2021-04-21 07:28:50,506:__main__:LR is set to 3.200000000000001e-07
2021-04-21 07:28:50,509:__main__:Epoch 76/400 => test_loss: 1.283002, IOU: 70.652007%, CD: 1.829917, cosine: 0.818193
2021-04-21 07:45:23,469:__main__:Epoch 77/400 => test_loss: 1.280966, IOU: 70.549994%, CD: 1.834179, cosine: 0.817304
