2021-04-22 00:51:45,213:__main__:{'comment': '', 'debug': 'False', 'train': {'model_path': 'temp3-{}', 'preload_model': 'False', 'pretrain_model_path': 'trained_models/temp1.pth', 'proportion': '100', 'num_epochs': '400', 'batch_size': '100', 'hidden_size': '2048', 'input_size': '2048', 'num_traj': '1', 'canvas_shape': '64', 'lr': '0.001', 'optim': 'adam', 'epsilon': '1', 'weight_decay': '0.0', 'dropout': '0.2', 'encoder_drop': '0.2', 'lr_sch': 'True', 'patience': '8', 'mode': '1'}}
2021-04-22 01:07:19,011:__main__:Epoch 0/400 => test_loss: 1.738217, IOU: 63.156088%, CD: 2.515098, cosine: 0.755709
2021-04-22 01:07:19,013:__main__:Saving the Model weights based on CD: 2.515098
2021-04-22 01:22:11,549:__main__:Epoch 1/400 => test_loss: 1.533528, IOU: 65.769252%, CD: 2.268549, cosine: 0.778390
2021-04-22 01:22:11,551:__main__:Saving the Model weights based on CD: 2.268549
2021-04-22 01:36:55,089:__main__:Epoch 2/400 => test_loss: 1.413434, IOU: 67.160369%, CD: 2.144688, cosine: 0.790382
2021-04-22 01:36:55,091:__main__:Saving the Model weights based on CD: 2.144688
2021-04-22 01:51:46,346:__main__:Epoch 3/400 => test_loss: 1.378634, IOU: 67.832099%, CD: 2.076449, cosine: 0.795860
2021-04-22 01:51:46,348:__main__:Saving the Model weights based on CD: 2.076449
2021-04-22 02:06:28,926:__main__:Epoch 4/400 => test_loss: 1.325967, IOU: 68.211937%, CD: 2.058322, cosine: 0.799445
2021-04-22 02:06:28,928:__main__:Saving the Model weights based on CD: 2.058322
2021-04-22 02:21:04,598:__main__:Epoch 5/400 => test_loss: 1.306257, IOU: 68.946731%, CD: 1.996548, cosine: 0.805296
2021-04-22 02:21:04,600:__main__:Saving the Model weights based on CD: 1.996548
2021-04-22 02:35:38,115:__main__:Epoch 6/400 => test_loss: 1.288452, IOU: 68.992531%, CD: 1.986381, cosine: 0.805383
2021-04-22 02:35:38,117:__main__:Saving the Model weights based on CD: 1.986381
2021-04-22 02:50:15,839:__main__:Epoch 7/400 => test_loss: 1.251793, IOU: 69.333575%, CD: 1.948899, cosine: 0.808135
2021-04-22 02:50:15,841:__main__:Saving the Model weights based on CD: 1.948899
2021-04-22 03:04:59,852:__main__:Epoch 8/400 => test_loss: 1.305928, IOU: 69.073194%, CD: 1.994586, cosine: 0.806155
2021-04-22 03:19:40,764:__main__:Epoch 9/400 => test_loss: 1.276658, IOU: 69.178962%, CD: 1.965525, cosine: 0.806814
2021-04-22 03:34:19,470:__main__:Epoch 10/400 => test_loss: 1.273075, IOU: 69.496926%, CD: 1.936123, cosine: 0.809033
2021-04-22 03:34:19,473:__main__:Saving the Model weights based on CD: 1.936123
2021-04-22 03:48:56,050:__main__:Epoch 11/400 => test_loss: 1.247227, IOU: 69.719458%, CD: 1.913851, cosine: 0.811107
2021-04-22 03:48:56,052:__main__:Saving the Model weights based on CD: 1.913851
2021-04-22 04:03:37,139:__main__:Epoch 12/400 => test_loss: 1.239028, IOU: 69.768655%, CD: 1.917279, cosine: 0.811497
2021-04-22 04:18:22,335:__main__:Epoch 13/400 => test_loss: 1.212842, IOU: 70.032325%, CD: 1.874460, cosine: 0.813088
2021-04-22 04:18:22,337:__main__:Saving the Model weights based on CD: 1.874460
2021-04-22 04:33:10,481:__main__:Epoch 14/400 => test_loss: 1.232509, IOU: 69.854105%, CD: 1.905953, cosine: 0.812246
2021-04-22 04:47:51,764:__main__:Epoch 15/400 => test_loss: 1.223288, IOU: 69.870713%, CD: 1.900475, cosine: 0.811940
2021-04-22 05:02:32,064:__main__:Epoch 16/400 => test_loss: 1.199387, IOU: 70.534122%, CD: 1.839794, cosine: 0.816994
2021-04-22 05:02:32,066:__main__:Saving the Model weights based on CD: 1.839794
2021-04-22 05:17:11,816:__main__:Epoch 17/400 => test_loss: 1.198578, IOU: 70.521499%, CD: 1.851750, cosine: 0.817057
2021-04-22 05:31:58,333:__main__:Epoch 18/400 => test_loss: 1.247925, IOU: 69.697486%, CD: 1.916213, cosine: 0.810765
2021-04-22 05:46:41,842:__main__:Epoch 19/400 => test_loss: 1.216106, IOU: 69.878632%, CD: 1.895060, cosine: 0.812283
2021-04-22 06:01:17,372:__main__:Epoch 20/400 => test_loss: 1.196045, IOU: 70.195835%, CD: 1.868175, cosine: 0.814533
2021-04-22 06:15:57,613:__main__:Epoch 21/400 => test_loss: 1.194077, IOU: 70.433394%, CD: 1.845700, cosine: 0.816267
2021-04-22 06:30:41,255:__main__:Epoch 22/400 => test_loss: 1.216940, IOU: 69.947450%, CD: 1.891859, cosine: 0.812951
2021-04-22 06:45:22,169:__main__:Epoch 23/400 => test_loss: 1.221592, IOU: 69.995057%, CD: 1.889437, cosine: 0.813043
2021-04-22 07:00:04,004:__main__:Epoch 24/400 => test_loss: 1.216614, IOU: 70.133506%, CD: 1.874129, cosine: 0.814137
2021-04-22 07:14:40,845:__main__:LR is set to 0.0002
2021-04-22 07:14:40,848:__main__:Epoch 25/400 => test_loss: 1.227774, IOU: 69.984627%, CD: 1.888054, cosine: 0.812926
2021-04-22 07:29:10,195:__main__:Epoch 26/400 => test_loss: 1.181627, IOU: 70.817642%, CD: 1.811378, cosine: 0.819156
2021-04-22 07:29:10,197:__main__:Saving the Model weights based on CD: 1.811378
2021-04-22 07:43:50,237:__main__:Epoch 27/400 => test_loss: 1.174916, IOU: 70.958456%, CD: 1.801181, cosine: 0.820480
2021-04-22 07:43:50,239:__main__:Saving the Model weights based on CD: 1.801181
2021-04-22 07:58:37,573:__main__:Epoch 28/400 => test_loss: 1.179142, IOU: 71.033071%, CD: 1.797072, cosine: 0.821154
2021-04-22 07:58:37,575:__main__:Saving the Model weights based on CD: 1.797072
2021-04-22 08:13:16,788:__main__:Epoch 29/400 => test_loss: 1.195275, IOU: 70.943805%, CD: 1.802679, cosine: 0.820245
2021-04-22 08:28:00,103:__main__:Epoch 30/400 => test_loss: 1.202334, IOU: 70.776237%, CD: 1.813587, cosine: 0.818969
2021-04-22 08:42:38,564:__main__:Epoch 31/400 => test_loss: 1.188798, IOU: 71.012979%, CD: 1.797786, cosine: 0.820815
2021-04-22 08:57:17,355:__main__:Epoch 32/400 => test_loss: 1.197659, IOU: 70.986144%, CD: 1.803595, cosine: 0.820577
2021-04-22 09:11:50,012:__main__:Epoch 33/400 => test_loss: 1.196067, IOU: 70.951869%, CD: 1.797533, cosine: 0.820298
2021-04-22 09:26:24,990:__main__:Epoch 34/400 => test_loss: 1.196397, IOU: 71.205572%, CD: 1.781130, cosine: 0.822469
2021-04-22 09:26:24,992:__main__:Saving the Model weights based on CD: 1.781130
2021-04-22 09:41:06,712:__main__:Epoch 35/400 => test_loss: 1.217476, IOU: 70.805920%, CD: 1.815764, cosine: 0.819187
2021-04-22 09:55:52,321:__main__:Epoch 36/400 => test_loss: 1.204111, IOU: 71.040567%, CD: 1.793146, cosine: 0.820879
2021-04-22 10:10:38,988:__main__:Epoch 37/400 => test_loss: 1.191585, IOU: 71.012353%, CD: 1.789901, cosine: 0.820568
2021-04-22 10:25:10,165:__main__:Epoch 38/400 => test_loss: 1.221596, IOU: 70.845889%, CD: 1.809599, cosine: 0.819495
2021-04-22 10:39:57,853:__main__:Epoch 39/400 => test_loss: 1.225631, IOU: 71.029309%, CD: 1.796316, cosine: 0.820936
2021-04-22 10:54:40,369:__main__:Epoch 40/400 => test_loss: 1.217454, IOU: 71.007451%, CD: 1.797751, cosine: 0.820628
2021-04-22 11:09:20,214:__main__:Epoch 41/400 => test_loss: 1.212239, IOU: 71.100983%, CD: 1.787631, cosine: 0.821487
2021-04-22 11:24:02,536:__main__:Epoch 42/400 => test_loss: 1.215698, IOU: 71.095756%, CD: 1.789761, cosine: 0.821397
2021-04-22 11:38:44,218:__main__:LR is set to 4e-05
2021-04-22 11:38:44,220:__main__:Epoch 43/400 => test_loss: 1.230464, IOU: 70.766461%, CD: 1.811004, cosine: 0.819015
2021-04-22 11:53:24,235:__main__:Epoch 44/400 => test_loss: 1.223313, IOU: 71.063404%, CD: 1.792553, cosine: 0.821138
2021-04-22 12:08:11,911:__main__:Epoch 45/400 => test_loss: 1.226982, IOU: 70.943768%, CD: 1.799978, cosine: 0.820167
2021-04-22 12:22:57,455:__main__:Epoch 46/400 => test_loss: 1.219187, IOU: 71.192514%, CD: 1.776022, cosine: 0.822026
2021-04-22 12:22:57,457:__main__:Saving the Model weights based on CD: 1.776022
2021-04-22 12:37:33,233:__main__:Epoch 47/400 => test_loss: 1.233104, IOU: 70.882698%, CD: 1.806950, cosine: 0.819671
2021-04-22 12:52:17,476:__main__:Epoch 48/400 => test_loss: 1.218338, IOU: 71.284079%, CD: 1.772993, cosine: 0.822988
2021-04-22 12:52:17,478:__main__:Saving the Model weights based on CD: 1.772993
2021-04-22 13:06:58,608:__main__:Epoch 49/400 => test_loss: 1.227208, IOU: 71.214861%, CD: 1.781286, cosine: 0.822262
2021-04-22 13:21:38,589:__main__:Epoch 50/400 => test_loss: 1.227328, IOU: 71.095443%, CD: 1.789044, cosine: 0.821370
2021-04-22 13:36:22,596:__main__:Epoch 51/400 => test_loss: 1.233655, IOU: 71.089257%, CD: 1.788545, cosine: 0.821551
2021-04-22 13:51:21,701:__main__:Epoch 52/400 => test_loss: 1.230451, IOU: 71.073836%, CD: 1.789678, cosine: 0.821323
2021-04-22 14:06:03,056:__main__:Epoch 53/400 => test_loss: 1.233356, IOU: 71.053845%, CD: 1.793167, cosine: 0.821015
2021-04-22 14:20:53,852:__main__:Epoch 54/400 => test_loss: 1.235108, IOU: 71.008216%, CD: 1.791727, cosine: 0.820824
2021-04-22 14:35:36,074:__main__:Epoch 55/400 => test_loss: 1.230681, IOU: 71.073303%, CD: 1.789414, cosine: 0.821236
2021-04-22 14:50:24,598:__main__:Epoch 56/400 => test_loss: 1.231683, IOU: 71.100217%, CD: 1.787330, cosine: 0.821527
2021-04-22 15:05:13,208:__main__:LR is set to 8.000000000000001e-06
2021-04-22 15:05:13,210:__main__:Epoch 57/400 => test_loss: 1.237952, IOU: 70.936652%, CD: 1.794319, cosine: 0.820251
2021-04-22 15:20:13,222:__main__:Epoch 58/400 => test_loss: 1.230306, IOU: 71.153420%, CD: 1.781789, cosine: 0.821829
2021-04-22 15:35:05,478:__main__:Epoch 59/400 => test_loss: 1.233413, IOU: 71.118550%, CD: 1.786856, cosine: 0.821617
2021-04-22 15:50:00,312:__main__:Epoch 60/400 => test_loss: 1.228062, IOU: 71.135804%, CD: 1.784312, cosine: 0.821571
2021-04-22 16:04:45,345:__main__:Epoch 61/400 => test_loss: 1.231478, IOU: 71.091834%, CD: 1.792540, cosine: 0.821541
2021-04-22 16:19:32,337:__main__:Epoch 62/400 => test_loss: 1.232107, IOU: 71.080513%, CD: 1.789782, cosine: 0.821412
2021-04-22 16:34:22,277:__main__:Epoch 63/400 => test_loss: 1.230026, IOU: 71.115775%, CD: 1.788857, cosine: 0.821615
2021-04-22 16:49:07,626:__main__:Epoch 64/400 => test_loss: 1.236299, IOU: 71.138329%, CD: 1.788589, cosine: 0.821770
2021-04-22 17:03:50,124:__main__:Epoch 65/400 => test_loss: 1.232417, IOU: 71.141227%, CD: 1.784671, cosine: 0.821850
2021-04-22 17:18:43,426:__main__:LR is set to 1.6000000000000004e-06
2021-04-22 17:18:43,428:__main__:Epoch 66/400 => test_loss: 1.234012, IOU: 70.983600%, CD: 1.794746, cosine: 0.820508
2021-04-22 17:33:29,192:__main__:Epoch 67/400 => test_loss: 1.232457, IOU: 71.102246%, CD: 1.786135, cosine: 0.821406
2021-04-22 17:48:23,001:__main__:Epoch 68/400 => test_loss: 1.229794, IOU: 71.186949%, CD: 1.781639, cosine: 0.822097
2021-04-22 18:03:18,054:__main__:Epoch 69/400 => test_loss: 1.234164, IOU: 71.161036%, CD: 1.781267, cosine: 0.822033
2021-04-22 18:18:17,503:__main__:Epoch 70/400 => test_loss: 1.234216, IOU: 71.065178%, CD: 1.791517, cosine: 0.821138
2021-04-22 18:33:03,833:__main__:Epoch 71/400 => test_loss: 1.231037, IOU: 71.150859%, CD: 1.781852, cosine: 0.821959
2021-04-22 18:47:43,653:__main__:Epoch 72/400 => test_loss: 1.233934, IOU: 71.135363%, CD: 1.782262, cosine: 0.821595
2021-04-22 19:02:28,752:__main__:Epoch 73/400 => test_loss: 1.232624, IOU: 71.092125%, CD: 1.784401, cosine: 0.821292
2021-04-22 19:16:59,255:__main__:Epoch 74/400 => test_loss: 1.229855, IOU: 71.153036%, CD: 1.779935, cosine: 0.821878
2021-04-22 19:31:44,660:__main__:LR is set to 3.200000000000001e-07
2021-04-22 19:31:44,662:__main__:Epoch 75/400 => test_loss: 1.233827, IOU: 71.129807%, CD: 1.784834, cosine: 0.821683
2021-04-22 19:46:31,187:__main__:Epoch 76/400 => test_loss: 1.233119, IOU: 71.101080%, CD: 1.785901, cosine: 0.821578
2021-04-22 20:01:12,264:__main__:Epoch 77/400 => test_loss: 1.233858, IOU: 71.065939%, CD: 1.791910, cosine: 0.821153
2021-04-22 20:15:50,143:__main__:Epoch 78/400 => test_loss: 1.232748, IOU: 71.125960%, CD: 1.784895, cosine: 0.821571
2021-04-22 20:30:37,193:__main__:Epoch 79/400 => test_loss: 1.231761, IOU: 71.096606%, CD: 1.789490, cosine: 0.821545
2021-04-22 20:45:29,981:__main__:Epoch 80/400 => test_loss: 1.232249, IOU: 71.180161%, CD: 1.781861, cosine: 0.822059
2021-04-22 21:00:17,427:__main__:Epoch 81/400 => test_loss: 1.232459, IOU: 71.207690%, CD: 1.780973, cosine: 0.822265
2021-04-22 21:15:05,783:__main__:Epoch 82/400 => test_loss: 1.233034, IOU: 71.143317%, CD: 1.783646, cosine: 0.821652
2021-04-22 21:29:46,815:__main__:Epoch 83/400 => test_loss: 1.232865, IOU: 71.142847%, CD: 1.784574, cosine: 0.821673
2021-04-22 21:44:27,641:__main__:LR is set to 6.400000000000003e-08
2021-04-22 21:44:27,643:__main__:Epoch 84/400 => test_loss: 1.233970, IOU: 71.150915%, CD: 1.782947, cosine: 0.821861
2021-04-22 21:59:10,643:__main__:Epoch 85/400 => test_loss: 1.232562, IOU: 71.118815%, CD: 1.788195, cosine: 0.821725
2021-04-22 22:13:45,231:__main__:Epoch 86/400 => test_loss: 1.233560, IOU: 71.082879%, CD: 1.786291, cosine: 0.821418
2021-04-22 22:28:23,085:__main__:Epoch 87/400 => test_loss: 1.232603, IOU: 71.235469%, CD: 1.776652, cosine: 0.822382
2021-04-22 22:43:10,537:__main__:Epoch 88/400 => test_loss: 1.232134, IOU: 71.096608%, CD: 1.786807, cosine: 0.821499
2021-04-22 22:57:50,342:__main__:Epoch 89/400 => test_loss: 1.230914, IOU: 71.154003%, CD: 1.781912, cosine: 0.821894
2021-04-22 23:12:38,372:__main__:Epoch 90/400 => test_loss: 1.233403, IOU: 71.177334%, CD: 1.783011, cosine: 0.822232
2021-04-22 23:27:32,280:__main__:Epoch 91/400 => test_loss: 1.233406, IOU: 71.019724%, CD: 1.793033, cosine: 0.820639
2021-04-22 23:42:18,465:__main__:Epoch 92/400 => test_loss: 1.233094, IOU: 71.115666%, CD: 1.786009, cosine: 0.821494
2021-04-22 23:57:04,787:__main__:LR is set to 1.2800000000000007e-08
2021-04-22 23:57:04,789:__main__:Epoch 93/400 => test_loss: 1.233114, IOU: 71.134278%, CD: 1.786093, cosine: 0.821715
2021-04-23 00:11:48,337:__main__:Epoch 94/400 => test_loss: 1.233137, IOU: 71.204707%, CD: 1.779750, cosine: 0.822221
2021-04-23 00:26:29,888:__main__:Epoch 95/400 => test_loss: 1.233595, IOU: 71.082563%, CD: 1.789545, cosine: 0.821333
2021-04-23 00:41:14,577:__main__:Epoch 96/400 => test_loss: 1.234084, IOU: 71.143624%, CD: 1.787105, cosine: 0.821720
2021-04-23 00:56:01,017:__main__:Epoch 97/400 => test_loss: 1.234800, IOU: 71.181032%, CD: 1.781828, cosine: 0.822117
2021-04-23 01:10:43,240:__main__:Epoch 98/400 => test_loss: 1.233571, IOU: 71.138895%, CD: 1.782982, cosine: 0.821665
2021-04-23 01:25:25,522:__main__:Epoch 99/400 => test_loss: 1.233520, IOU: 71.128191%, CD: 1.782695, cosine: 0.821695
2021-04-23 01:40:06,509:__main__:Epoch 100/400 => test_loss: 1.232989, IOU: 71.113588%, CD: 1.788343, cosine: 0.821600
2021-04-23 01:54:47,338:__main__:Epoch 101/400 => test_loss: 1.232675, IOU: 71.081664%, CD: 1.786890, cosine: 0.821135
2021-04-23 02:09:31,520:__main__:LR is set to 2.5600000000000015e-09
2021-04-23 02:09:31,524:__main__:Epoch 102/400 => test_loss: 1.232001, IOU: 71.127342%, CD: 1.780655, cosine: 0.821666
2021-04-23 02:24:14,179:__main__:Epoch 103/400 => test_loss: 1.232244, IOU: 71.124909%, CD: 1.782607, cosine: 0.821639
2021-04-23 02:38:56,236:__main__:Epoch 104/400 => test_loss: 1.234203, IOU: 71.227239%, CD: 1.776153, cosine: 0.822435
2021-04-23 02:53:43,980:__main__:Epoch 105/400 => test_loss: 1.231882, IOU: 71.158903%, CD: 1.781910, cosine: 0.821920
2021-04-23 03:08:29,878:__main__:Epoch 106/400 => test_loss: 1.232572, IOU: 71.057782%, CD: 1.789945, cosine: 0.821061
2021-04-23 03:23:06,448:__main__:Epoch 107/400 => test_loss: 1.232256, IOU: 71.097723%, CD: 1.782642, cosine: 0.821415
2021-04-23 03:37:48,419:__main__:Epoch 108/400 => test_loss: 1.234050, IOU: 71.136185%, CD: 1.784362, cosine: 0.821796
2021-04-23 03:52:39,746:__main__:Epoch 109/400 => test_loss: 1.233652, IOU: 71.125170%, CD: 1.787872, cosine: 0.821559
2021-04-23 04:07:26,322:__main__:Epoch 110/400 => test_loss: 1.235150, IOU: 71.141885%, CD: 1.783893, cosine: 0.821675
2021-04-23 04:22:09,175:__main__:LR is set to 5.120000000000003e-10
2021-04-23 04:22:09,176:__main__:Epoch 111/400 => test_loss: 1.231474, IOU: 71.136075%, CD: 1.787455, cosine: 0.821803
2021-04-23 04:36:54,139:__main__:Epoch 112/400 => test_loss: 1.232688, IOU: 71.153888%, CD: 1.779454, cosine: 0.821722
2021-04-23 04:51:36,599:__main__:Epoch 113/400 => test_loss: 1.232393, IOU: 71.143154%, CD: 1.785747, cosine: 0.821879
2021-04-23 05:06:28,163:__main__:Epoch 114/400 => test_loss: 1.232365, IOU: 71.157601%, CD: 1.785250, cosine: 0.821992
2021-04-23 05:21:09,083:__main__:Epoch 115/400 => test_loss: 1.233027, IOU: 71.104516%, CD: 1.788084, cosine: 0.821449
2021-04-23 05:35:45,459:__main__:Epoch 116/400 => test_loss: 1.233084, IOU: 71.048272%, CD: 1.785630, cosine: 0.821066
2021-04-23 05:50:24,413:__main__:Epoch 117/400 => test_loss: 1.232711, IOU: 71.156081%, CD: 1.780490, cosine: 0.821826
2021-04-23 06:05:11,820:__main__:Epoch 118/400 => test_loss: 1.234928, IOU: 71.098341%, CD: 1.783782, cosine: 0.821428
2021-04-23 06:19:54,032:__main__:Epoch 119/400 => test_loss: 1.234844, IOU: 71.021852%, CD: 1.794397, cosine: 0.820802
2021-04-23 06:34:39,436:__main__:LR is set to 1.0240000000000007e-10
2021-04-23 06:34:39,439:__main__:Epoch 120/400 => test_loss: 1.234137, IOU: 71.138195%, CD: 1.783415, cosine: 0.821822
2021-04-23 06:49:28,870:__main__:Epoch 121/400 => test_loss: 1.233263, IOU: 71.194770%, CD: 1.782141, cosine: 0.822237
2021-04-23 07:04:13,404:__main__:Epoch 122/400 => test_loss: 1.231858, IOU: 71.164593%, CD: 1.783685, cosine: 0.821902
2021-04-23 07:19:09,561:__main__:Epoch 123/400 => test_loss: 1.231349, IOU: 71.124866%, CD: 1.782919, cosine: 0.821880
2021-04-23 07:34:05,834:__main__:Epoch 124/400 => test_loss: 1.232978, IOU: 71.047605%, CD: 1.791687, cosine: 0.821074
2021-04-23 07:48:46,653:__main__:Epoch 125/400 => test_loss: 1.230863, IOU: 71.091754%, CD: 1.785133, cosine: 0.821382
2021-04-23 08:03:18,054:__main__:Epoch 126/400 => test_loss: 1.232237, IOU: 71.233136%, CD: 1.777926, cosine: 0.822515
2021-04-23 08:18:06,699:__main__:Epoch 127/400 => test_loss: 1.234760, IOU: 71.017460%, CD: 1.794861, cosine: 0.820974
2021-04-23 08:32:54,012:__main__:Epoch 128/400 => test_loss: 1.232680, IOU: 71.196104%, CD: 1.781367, cosine: 0.822181
2021-04-23 08:47:40,925:__main__:LR is set to 2.0480000000000016e-11
2021-04-23 08:47:40,927:__main__:Epoch 129/400 => test_loss: 1.233006, IOU: 71.048353%, CD: 1.790771, cosine: 0.820954
2021-04-23 09:02:34,559:__main__:Epoch 130/400 => test_loss: 1.233436, IOU: 71.140630%, CD: 1.782144, cosine: 0.821646
2021-04-23 09:17:24,809:__main__:Epoch 131/400 => test_loss: 1.233804, IOU: 71.115543%, CD: 1.781363, cosine: 0.821446
2021-04-23 09:32:06,162:__main__:Epoch 132/400 => test_loss: 1.233198, IOU: 71.095211%, CD: 1.785843, cosine: 0.821411
2021-04-23 09:46:51,917:__main__:Epoch 133/400 => test_loss: 1.231441, IOU: 71.099425%, CD: 1.782879, cosine: 0.821458
2021-04-23 10:01:34,425:__main__:Epoch 134/400 => test_loss: 1.235431, IOU: 71.122746%, CD: 1.787619, cosine: 0.821494
2021-04-23 10:16:28,482:__main__:Epoch 135/400 => test_loss: 1.233265, IOU: 71.192305%, CD: 1.779308, cosine: 0.822160
2021-04-23 10:31:25,708:__main__:Epoch 136/400 => test_loss: 1.234087, IOU: 71.107795%, CD: 1.785165, cosine: 0.821368
2021-04-23 10:46:08,227:__main__:Epoch 137/400 => test_loss: 1.232346, IOU: 71.123244%, CD: 1.784466, cosine: 0.821578
2021-04-23 11:00:53,518:__main__:LR is set to 4.0960000000000035e-12
2021-04-23 11:00:53,520:__main__:Epoch 138/400 => test_loss: 1.234170, IOU: 71.134805%, CD: 1.784360, cosine: 0.821688
2021-04-23 11:15:50,762:__main__:Epoch 139/400 => test_loss: 1.234601, IOU: 71.120832%, CD: 1.781302, cosine: 0.821558
2021-04-23 11:30:34,584:__main__:Epoch 140/400 => test_loss: 1.232901, IOU: 71.081379%, CD: 1.788060, cosine: 0.821256
2021-04-23 11:45:26,338:__main__:Epoch 141/400 => test_loss: 1.232720, IOU: 71.084017%, CD: 1.788017, cosine: 0.821492
2021-04-23 12:00:20,420:__main__:Epoch 142/400 => test_loss: 1.233547, IOU: 71.121597%, CD: 1.788771, cosine: 0.821675
2021-04-23 12:15:09,088:__main__:Epoch 143/400 => test_loss: 1.232032, IOU: 71.048977%, CD: 1.789986, cosine: 0.820990
